<?xml version="1.0" encoding="UTF-8"?>
<testsuite xmlns:xsi="http://www.w3.org/2001/XMLSchema-instance" xsi:noNamespaceSchemaLocation="https://maven.apache.org/surefire/maven-surefire-plugin/xsd/surefire-test-report-3.0.xsd" version="3.0" name="com.yogayataverma.datastore.DatastoreApplicationTests" time="3.48" tests="1" errors="0" skipped="0" failures="0">
  <properties>
[...]
</properties>
  <testcase name="contextLoads" classname="com.yogayataverma.datastore.DatastoreApplicationTests" time="0.744">
    <system-out><![CDATA[17:46:39.580 [main] INFO org.springframework.test.context.support.AnnotationConfigContextLoaderUtils -- Could not detect default configuration classes for test class [com.yogayataverma.datastore.DatastoreApplicationTests]: DatastoreApplicationTests does not declare any static, non-private, non-final, nested classes annotated with @Configuration.
17:46:39.683 [main] INFO org.springframework.boot.test.context.SpringBootTestContextBootstrapper -- Found @SpringBootConfiguration com.yogayataverma.datastore.DatastoreApplication for test class com.yogayataverma.datastore.DatastoreApplicationTests

  .   ____          _            __ _ _
 /\\ / ___'_ __ _ _(_)_ __  __ _ \ \ \ \
( ( )\___ | '_ | '_| | '_ \/ _` | \ \ \ \
 \\/  ___)| |_)| | | | | || (_| |  ) ) ) )
  '  |____| .__|_| |_|_| |_\__, | / / / /
 =========|_|==============|___/=/_/_/_/

 :: Spring Boot ::                (v3.3.4)

2024-09-29T17:46:40.084+05:30  INFO 20752 --- [datastore] [           main] c.y.datastore.DatastoreApplicationTests  : Starting DatastoreApplicationTests using Java 23 with PID 20752 (started by yogay in C:\Users\yogay\OneDrive\Desktop\datastore5\datastore)
2024-09-29T17:46:40.086+05:30  INFO 20752 --- [datastore] [           main] c.y.datastore.DatastoreApplicationTests  : No active profile set, falling back to 1 default profile: "default"
2024-09-29T17:46:40.672+05:30  INFO 20752 --- [datastore] [           main] .s.d.r.c.RepositoryConfigurationDelegate : Bootstrapping Spring Data MongoDB repositories in DEFAULT mode.
2024-09-29T17:46:40.724+05:30  INFO 20752 --- [datastore] [           main] .s.d.r.c.RepositoryConfigurationDelegate : Finished Spring Data repository scanning in 48 ms. Found 1 MongoDB repository interface.
2024-09-29T17:46:41.175+05:30  INFO 20752 --- [datastore] [           main] org.mongodb.driver.client                : MongoClient with metadata {"driver": {"name": "mongo-java-driver|sync|spring-boot", "version": "5.0.1"}, "os": {"type": "Windows", "name": "Windows 11", "architecture": "amd64", "version": "10.0"}, "platform": "Java/Oracle Corporation/23+37-2369"} created with settings MongoClientSettings{readPreference=primary, writeConcern=WriteConcern{w=majority, wTimeout=null ms, journal=null}, retryWrites=true, retryReads=true, readConcern=ReadConcern{level=null}, credential=MongoCredential{mechanism=null, userName='yogayatajugnu', source='admin', password=<hidden>, mechanismProperties=<hidden>}, transportSettings=null, commandListeners=[], codecRegistry=ProvidersCodecRegistry{codecProviders=[ValueCodecProvider{}, BsonValueCodecProvider{}, DBRefCodecProvider{}, DBObjectCodecProvider{}, DocumentCodecProvider{}, CollectionCodecProvider{}, IterableCodecProvider{}, MapCodecProvider{}, GeoJsonCodecProvider{}, GridFSFileCodecProvider{}, Jsr310CodecProvider{}, JsonObjectCodecProvider{}, BsonCodecProvider{}, EnumCodecProvider{}, com.mongodb.client.model.mql.ExpressionCodecProvider@558b4942, com.mongodb.Jep395RecordCodecProvider@30ec7d21, com.mongodb.KotlinCodecProvider@70025b99]}, loggerSettings=LoggerSettings{maxDocumentLength=1000}, clusterSettings={hosts=[127.0.0.1:27017], srvHost=cluster0.lc3di.mongodb.net, srvServiceName=mongodb, mode=MULTIPLE, requiredClusterType=REPLICA_SET, requiredReplicaSetName='atlas-vl7v1d-shard-0', serverSelector='null', clusterListeners='[]', serverSelectionTimeout='30000 ms', localThreshold='15 ms'}, socketSettings=SocketSettings{connectTimeoutMS=10000, readTimeoutMS=0, receiveBufferSize=0, proxySettings=ProxySettings{host=null, port=null, username=null, password=null}}, heartbeatSocketSettings=SocketSettings{connectTimeoutMS=10000, readTimeoutMS=10000, receiveBufferSize=0, proxySettings=ProxySettings{host=null, port=null, username=null, password=null}}, connectionPoolSettings=ConnectionPoolSettings{maxSize=100, minSize=0, maxWaitTimeMS=120000, maxConnectionLifeTimeMS=0, maxConnectionIdleTimeMS=0, maintenanceInitialDelayMS=0, maintenanceFrequencyMS=60000, connectionPoolListeners=[], maxConnecting=2}, serverSettings=ServerSettings{heartbeatFrequencyMS=10000, minHeartbeatFrequencyMS=500, serverListeners='[]', serverMonitorListeners='[]'}, sslSettings=SslSettings{enabled=true, invalidHostNameAllowed=false, context=null}, applicationName='null', compressorList=[], uuidRepresentation=JAVA_LEGACY, serverApi=null, autoEncryptionSettings=null, dnsClient=null, inetAddressResolver=null, contextProvider=null}
2024-09-29T17:46:41.196+05:30  INFO 20752 --- [datastore] [3di.mongodb.net] org.mongodb.driver.cluster               : Adding discovered server cluster0-shard-00-02.lc3di.mongodb.net:27017 to client view of cluster
2024-09-29T17:46:41.229+05:30  INFO 20752 --- [datastore] [3di.mongodb.net] org.mongodb.driver.cluster               : Adding discovered server cluster0-shard-00-00.lc3di.mongodb.net:27017 to client view of cluster
2024-09-29T17:46:41.233+05:30  INFO 20752 --- [datastore] [3di.mongodb.net] org.mongodb.driver.cluster               : Adding discovered server cluster0-shard-00-01.lc3di.mongodb.net:27017 to client view of cluster
2024-09-29T17:46:41.900+05:30  INFO 20752 --- [datastore] [ngodb.net:27017] org.mongodb.driver.cluster               : Monitor thread successfully connected to server with description ServerDescription{address=cluster0-shard-00-00.lc3di.mongodb.net:27017, type=REPLICA_SET_SECONDARY, state=CONNECTED, ok=true, minWireVersion=0, maxWireVersion=21, maxDocumentSize=16777216, logicalSessionTimeoutMinutes=30, roundTripTimeNanos=386655600, setName='atlas-vl7v1d-shard-0', canonicalAddress=cluster0-shard-00-00.lc3di.mongodb.net:27017, hosts=[cluster0-shard-00-02.lc3di.mongodb.net:27017, cluster0-shard-00-01.lc3di.mongodb.net:27017, cluster0-shard-00-00.lc3di.mongodb.net:27017], passives=[], arbiters=[], primary='cluster0-shard-00-01.lc3di.mongodb.net:27017', tagSet=TagSet{[Tag{name='availabilityZone', value='aps1-az1'}, Tag{name='diskState', value='READY'}, Tag{name='nodeType', value='ELECTABLE'}, Tag{name='provider', value='AWS'}, Tag{name='region', value='AP_SOUTH_1'}, Tag{name='workloadType', value='OPERATIONAL'}]}, electionId=null, setVersion=95, topologyVersion=TopologyVersion{processId=66f8f949812fed1cd1d1e8c2, counter=5}, lastWriteDate=Sun Sep 29 17:46:43 IST 2024, lastUpdateTimeNanos=159936691937700}
2024-09-29T17:46:41.900+05:30  INFO 20752 --- [datastore] [ngodb.net:27017] org.mongodb.driver.cluster               : Monitor thread successfully connected to server with description ServerDescription{address=cluster0-shard-00-02.lc3di.mongodb.net:27017, type=REPLICA_SET_SECONDARY, state=CONNECTED, ok=true, minWireVersion=0, maxWireVersion=21, maxDocumentSize=16777216, logicalSessionTimeoutMinutes=30, roundTripTimeNanos=387046700, setName='atlas-vl7v1d-shard-0', canonicalAddress=cluster0-shard-00-02.lc3di.mongodb.net:27017, hosts=[cluster0-shard-00-02.lc3di.mongodb.net:27017, cluster0-shard-00-01.lc3di.mongodb.net:27017, cluster0-shard-00-00.lc3di.mongodb.net:27017], passives=[], arbiters=[], primary='cluster0-shard-00-01.lc3di.mongodb.net:27017', tagSet=TagSet{[Tag{name='availabilityZone', value='aps1-az2'}, Tag{name='diskState', value='READY'}, Tag{name='nodeType', value='ELECTABLE'}, Tag{name='provider', value='AWS'}, Tag{name='region', value='AP_SOUTH_1'}, Tag{name='workloadType', value='OPERATIONAL'}]}, electionId=null, setVersion=95, topologyVersion=TopologyVersion{processId=66f8fab8e18a3d52c9ff0135, counter=5}, lastWriteDate=Sun Sep 29 17:46:43 IST 2024, lastUpdateTimeNanos=159936691949400}
2024-09-29T17:46:41.900+05:30  INFO 20752 --- [datastore] [ngodb.net:27017] org.mongodb.driver.cluster               : Monitor thread successfully connected to server with description ServerDescription{address=cluster0-shard-00-01.lc3di.mongodb.net:27017, type=REPLICA_SET_PRIMARY, state=CONNECTED, ok=true, minWireVersion=0, maxWireVersion=21, maxDocumentSize=16777216, logicalSessionTimeoutMinutes=30, roundTripTimeNanos=387780900, setName='atlas-vl7v1d-shard-0', canonicalAddress=cluster0-shard-00-01.lc3di.mongodb.net:27017, hosts=[cluster0-shard-00-02.lc3di.mongodb.net:27017, cluster0-shard-00-01.lc3di.mongodb.net:27017, cluster0-shard-00-00.lc3di.mongodb.net:27017], passives=[], arbiters=[], primary='cluster0-shard-00-01.lc3di.mongodb.net:27017', tagSet=TagSet{[Tag{name='availabilityZone', value='aps1-az3'}, Tag{name='diskState', value='READY'}, Tag{name='nodeType', value='ELECTABLE'}, Tag{name='provider', value='AWS'}, Tag{name='region', value='AP_SOUTH_1'}, Tag{name='workloadType', value='OPERATIONAL'}]}, electionId=7fffffff0000000000000080, setVersion=95, topologyVersion=TopologyVersion{processId=66f8f82e321df4cc2bbad1db, counter=9}, lastWriteDate=Sun Sep 29 17:46:43 IST 2024, lastUpdateTimeNanos=159936691786900}
2024-09-29T17:46:41.905+05:30  INFO 20752 --- [datastore] [ngodb.net:27017] org.mongodb.driver.cluster               : Discovered replica set primary cluster0-shard-00-01.lc3di.mongodb.net:27017 with max election id 7fffffff0000000000000080 and max set version 95
2024-09-29T17:46:42.123+05:30  INFO 20752 --- [datastore] [           main] c.y.datastore.DatastoreApplicationTests  : Started DatastoreApplicationTests in 2.304 seconds (process running for 3.294)
]]></system-out>
    <system-err><![CDATA[WARNING: A Java agent has been loaded dynamically (C:\Users\yogay\.m2\repository\net\bytebuddy\byte-buddy-agent\1.14.19\byte-buddy-agent-1.14.19.jar)
WARNING: If a serviceability tool is in use, please run with -XX:+EnableDynamicAgentLoading to hide this warning
WARNING: If a serviceability tool is not in use, please run with -Djdk.instrument.traceUsage for more information
WARNING: Dynamic loading of agents will be disallowed by default in a future release
]]></system-err>
  </testcase>
</testsuite>